An error occurred: [WinError 2] The system cannot find the file specified: 'C:\\almondcove_megaproject\\jsm33t_web\\src/api/Jassi.API'
Traceback (most recent call last):
  File "C:\almondcove_megaproject\jsm33t_web\release.py", line 8, in <module>
    _build.run()
  File "C:\almondcove_megaproject\jsm33t_web\scripts\build.py", line 11, in run
    os.chdir(os.path.join(current_directory, target_directory))
FileNotFoundError: [WinError 2] The system cannot find the file specified: 'C:\\almondcove_megaproject\\jsm33t_web\\src/api/Jassi.API'
An error occurred: [WinError 2] The system cannot find the file specified: 'C:\\almondcove_megaproject\\jsm33t_web\\src/api/Jassi.API'
Traceback (most recent call last):
  File "C:\almondcove_megaproject\jsm33t_web\release.py", line 8, in <module>
    _build.run()
  File "C:\almondcove_megaproject\jsm33t_web\scripts\build.py", line 11, in run
    os.chdir(os.path.join(current_directory, target_directory))
FileNotFoundError: [WinError 2] The system cannot find the file specified: 'C:\\almondcove_megaproject\\jsm33t_web\\src/api/Jassi.API'
An error occurred: [WinError 2] The system cannot find the file specified: 'C:\\almondcove_megaproject\\jsm33t_web\\src/api/Jassi.API'
Traceback (most recent call last):
  File "C:\almondcove_megaproject\jsm33t_web\release.py", line 51, in <module>
    main()
  File "C:\almondcove_megaproject\jsm33t_web\release.py", line 47, in main
    process_option(choice)
  File "C:\almondcove_megaproject\jsm33t_web\release.py", line 33, in process_option
    _build.run()
  File "C:\almondcove_megaproject\jsm33t_web\scripts\build.py", line 11, in run
    os.chdir(os.path.join(current_directory, target_directory))
FileNotFoundError: [WinError 2] The system cannot find the file specified: 'C:\\almondcove_megaproject\\jsm33t_web\\src/api/Jassi.API'
An error occurred: [WinError 2] The system cannot find the file specified: 'C:\\almondcove_megaproject\\jsm33t_web\\src/api/Jassi.API'
Traceback (most recent call last):
  File "C:\almondcove_megaproject\jsm33t_web\release.py", line 55, in <module>
    main()
  File "C:\almondcove_megaproject\jsm33t_web\release.py", line 49, in main
    process_option(choice)
  File "C:\almondcove_megaproject\jsm33t_web\release.py", line 34, in process_option
    _build.run()
  File "C:\almondcove_megaproject\jsm33t_web\scripts\build.py", line 11, in run
    os.chdir(os.path.join(current_directory, target_directory))
FileNotFoundError: [WinError 2] The system cannot find the file specified: 'C:\\almondcove_megaproject\\jsm33t_web\\src/api/Jassi.API'
An error occurred: [WinError 2] The system cannot find the file specified: 'C:\\almondcove_megaproject\\jsm33t_web\\src/api/Jassi.API'
Traceback (most recent call last):
  File "C:\almondcove_megaproject\jsm33t_web\release.py", line 55, in <module>
    main()
  File "C:\almondcove_megaproject\jsm33t_web\release.py", line 49, in main
    process_option(choice)
  File "C:\almondcove_megaproject\jsm33t_web\release.py", line 34, in process_option
    _build.run()
  File "C:\almondcove_megaproject\jsm33t_web\scripts\build.py", line 11, in run
    os.chdir(os.path.join(current_directory, target_directory))
FileNotFoundError: [WinError 2] The system cannot find the file specified: 'C:\\almondcove_megaproject\\jsm33t_web\\src/api/Jassi.API'
An error occurred: [WinError 2] The system cannot find the file specified: 'C:\\almondcove_megaproject\\jsm33t_web\\src/api/Jassi.API'
Traceback (most recent call last):
  File "C:\almondcove_megaproject\jsm33t_web\release.py", line 8, in <module>
    _build.run()
  File "C:\almondcove_megaproject\jsm33t_web\scripts\build.py", line 11, in run
    os.chdir(os.path.join(current_directory, target_directory))
FileNotFoundError: [WinError 2] The system cannot find the file specified: 'C:\\almondcove_megaproject\\jsm33t_web\\src/api/Jassi.API'
